[debug] [2019-03-17T19:35:14.839Z] ----------------------------------------------------------------------
[debug] [2019-03-17T19:35:14.842Z] Command:       /usr/local/bin/node /usr/local/bin/firebase deploy --only functions,hosting
[debug] [2019-03-17T19:35:14.842Z] CLI Version:   6.5.0
[debug] [2019-03-17T19:35:14.842Z] Platform:      darwin
[debug] [2019-03-17T19:35:14.842Z] Node Version:  v8.10.0
[debug] [2019-03-17T19:35:14.844Z] Time:          Sun Mar 17 2019 15:35:14 GMT-0400 (EDT)
[debug] [2019-03-17T19:35:14.844Z] ----------------------------------------------------------------------
[debug] 
[debug] [2019-03-17T19:35:14.860Z] > command requires scopes: ["email","openid","https://www.googleapis.com/auth/cloudplatformprojects.readonly","https://www.googleapis.com/auth/firebase","https://www.googleapis.com/auth/cloud-platform"]
[debug] [2019-03-17T19:35:14.861Z] > authorizing via signed-in user
[debug] [2019-03-17T19:35:14.861Z] [iam] checking project climbing-log-8e6a2 for permissions ["cloudfunctions.functions.create","cloudfunctions.functions.delete","cloudfunctions.functions.get","cloudfunctions.functions.list","cloudfunctions.functions.update","cloudfunctions.operations.get","firebase.projects.get","firebasehosting.sites.update"]
[debug] [2019-03-17T19:35:14.864Z] >>> HTTP REQUEST POST https://cloudresourcemanager.googleapis.com/v1/projects/climbing-log-8e6a2:testIamPermissions  

[debug] [2019-03-17T19:35:15.285Z] <<< HTTP RESPONSE 200
[debug] [2019-03-17T19:35:15.287Z] >>> HTTP REQUEST GET https://firebase.googleapis.com/v1beta1/projects/climbing-log-8e6a2  
 
[debug] [2019-03-17T19:35:15.540Z] <<< HTTP RESPONSE 200
[warn] ⚠  functions: package.json indicates an outdated version of firebase-functions.
 Please upgrade using npm install --save firebase-functions@latest in your functions directory.
[info] 
[info] === Deploying to 'climbing-log-8e6a2'...
[info] 
[info] i  deploying functions, hosting
[debug] [2019-03-17T19:35:18.582Z] > [functions] package.json contents: {
  "name": "functions",
  "description": "Cloud Functions for Firebase",
  "scripts": {
    "serve": "firebase serve --only functions",
    "shell": "firebase functions:shell",
    "start": "npm run shell",
    "deploy": "firebase deploy --only functions",
    "logs": "firebase functions:log"
  },
  "dependencies": {
    "express": "^4.16.4",
    "firebase-admin": "5.4.0",
    "firebase-functions": "0.7.0",
    "install": "0.12.2",
    "npm": "6.9.0",
    "prpl-server": "^1.3.0",
    "rendertron-middleware": "^0.1.3"
  },
  "private": true
}
[info] i  functions: ensuring necessary APIs are enabled...
[debug] [2019-03-17T19:35:18.583Z] >>> HTTP REQUEST GET https://servicemanagement.googleapis.com/v1/services/cloudfunctions.googleapis.com/projectSettings/climbing-log-8e6a2?view=CONSUMER_VIEW  
 
[debug] [2019-03-17T19:35:18.583Z] >>> HTTP REQUEST GET https://servicemanagement.googleapis.com/v1/services/runtimeconfig.googleapis.com/projectSettings/climbing-log-8e6a2?view=CONSUMER_VIEW  
 
[debug] [2019-03-17T19:35:19.424Z] <<< HTTP RESPONSE 200
[debug] [2019-03-17T19:35:19.484Z] <<< HTTP RESPONSE 200
[info] ✔  functions: all necessary APIs are enabled
[debug] [2019-03-17T19:35:19.485Z] >>> HTTP REQUEST GET https://cloudresourcemanager.googleapis.com/v1/projects/climbing-log-8e6a2  
 
[debug] [2019-03-17T19:35:19.771Z] <<< HTTP RESPONSE 200
[debug] [2019-03-17T19:35:19.772Z] >>> HTTP REQUEST GET https://mobilesdk-pa.googleapis.com/v1/projects/940845109662:getServerAppConfig  
 
[debug] [2019-03-17T19:35:20.139Z] <<< HTTP RESPONSE 200
[debug] [2019-03-17T19:35:20.143Z] >>> HTTP REQUEST POST https://firebasehosting.googleapis.com/v1beta1/sites/climbing-log-8e6a2/versions  

[debug] [2019-03-17T19:35:20.789Z] <<< HTTP RESPONSE 200
[info] i  functions: preparing functions directory for uploading...
[debug] [2019-03-17T19:35:20.792Z] >>> HTTP REQUEST GET https://runtimeconfig.googleapis.com/v1beta1/projects/climbing-log-8e6a2/configs  
 
[debug] [2019-03-17T19:35:21.431Z] <<< HTTP RESPONSE 200
[info] i  functions: packaged functions (66.04 KB) for uploading
[debug] [2019-03-17T19:35:22.979Z] >>> HTTP REQUEST POST https://cloudfunctions.googleapis.com/v1/projects/climbing-log-8e6a2/locations/us-central1/functions:generateUploadUrl  
 
[debug] [2019-03-17T19:36:12.005Z] <<< HTTP RESPONSE 200
[debug] [2019-03-17T19:36:12.006Z] >>> HTTP REQUEST PUT https://storage.googleapis.com/gcf-upload-us-central1-9cfcc0ec-c6a5-494d-bbe5-e3eee503d91d/392e77a3-a8ad-432b-9dc6-b2d86d6584f0.zip?GoogleAccessId=service-940845109662@gcf-admin-robot.iam.gserviceaccount.com&Expires=1552853171&Signature=K7W11hxdFcwFThi9WSOtIk0ukypx970hKu6rfSSHG1lggjo5pB%2BmZQelsbsFcAkZMH2vXRLTweVPfrpmruUhSkNTG7D2vN5D1yBvDB7js9Kie%2FX9XFDAYviS88QGfeFfiMWD8lM3o1wmyyTy27MeGsAh2NHCQfg%2Bk0v%2FrlIiOhQsSiy0VWvzmUYgCDCCmdEx0SLaDV5ArF%2BCoxwue2rJ5WkFkv8vyNqdfMcWOcuq5VOIL6fG23FQumkpi%2Fke6ypteHulG3UlqAuhzbUj5GjPu%2BO5DP0BNrT2%2F3j1uGQg6xKqkpXd3xxlSvNviMF0tFOfdF2nlaW8X2ffDmZeeCmPHw%3D%3D  

[debug] [2019-03-17T19:36:12.647Z] <<< HTTP RESPONSE 200
[info] ✔  functions: functions folder uploaded successfully
[info] i  hosting[climbing-log-8e6a2]: beginning deploy...
[info] i  hosting[climbing-log-8e6a2]: found 105 files in build
[debug] [2019-03-17T19:36:12.669Z] [hosting] hash cache [YnVpbGQ] not populated
[debug] [2019-03-17T19:36:13.133Z] [hosting] hash cache [YnVpbGQ] stored for 105 files
[debug] [2019-03-17T19:36:13.133Z] [hosting][hash queue][FINAL]
[debug] [2019-03-17T19:36:13.133Z] >>> HTTP REQUEST POST https://firebasehosting.googleapis.com/v1beta1/sites/climbing-log-8e6a2/versions/5e1e4b222b097785:populateFiles  
 <request body omitted>
[debug] [2019-03-17T19:36:15.732Z] <<< HTTP RESPONSE 200
[debug] [2019-03-17T19:36:15.754Z] [hosting][populate queue][FINAL]
[debug] [2019-03-17T19:36:15.754Z] [hosting] uploads queued: 47
[debug] [2019-03-17T19:36:17.952Z] [hosting][upload queue][FINAL]
[info] ✔  hosting[climbing-log-8e6a2]: file upload complete
[debug] [2019-03-17T19:36:17.952Z] [hosting] deploy completed after 5304ms
[debug] [2019-03-17T19:36:18.085Z] >>> HTTP REQUEST GET https://cloudfunctions.googleapis.com/v1/projects/climbing-log-8e6a2/locations/-/functions  
 
[debug] [2019-03-17T19:36:18.878Z] <<< HTTP RESPONSE 200
[info] i  functions: creating Node.js 6 function app(us-central1)...
[debug] [2019-03-17T19:36:18.881Z] Trigger is:  {"httpsTrigger":{}}
[debug] [2019-03-17T19:36:18.882Z] >>> HTTP REQUEST POST https://cloudfunctions.googleapis.com/v1/projects/climbing-log-8e6a2/locations/us-central1/functions  

[debug] [2019-03-17T19:36:19.431Z] <<< HTTP RESPONSE 200
[debug] [2019-03-17T19:36:19.433Z] >>> HTTP REQUEST GET https://cloudfunctions.googleapis.com/v1/projects/climbing-log-8e6a2/locations/-/functions  
 
[debug] [2019-03-17T19:36:20.107Z] <<< HTTP RESPONSE 200
[debug] [2019-03-17T19:36:20.109Z] >>> HTTP REQUEST GET https://cloudfunctions.googleapis.com/v1/operations/Y2xpbWJpbmctbG9nLThlNmEyL3VzLWNlbnRyYWwxL2FwcC9vaDJub3RRd3F4bw  
 
[debug] [2019-03-17T19:36:20.334Z] <<< HTTP RESPONSE 200
[debug] [2019-03-17T19:36:22.336Z] >>> HTTP REQUEST GET https://cloudfunctions.googleapis.com/v1/operations/Y2xpbWJpbmctbG9nLThlNmEyL3VzLWNlbnRyYWwxL2FwcC9vaDJub3RRd3F4bw  
 
[debug] [2019-03-17T19:36:22.556Z] <<< HTTP RESPONSE 200
[debug] [2019-03-17T19:36:24.557Z] >>> HTTP REQUEST GET https://cloudfunctions.googleapis.com/v1/operations/Y2xpbWJpbmctbG9nLThlNmEyL3VzLWNlbnRyYWwxL2FwcC9vaDJub3RRd3F4bw  
 
[debug] [2019-03-17T19:36:24.754Z] <<< HTTP RESPONSE 200
[debug] [2019-03-17T19:36:26.757Z] >>> HTTP REQUEST GET https://cloudfunctions.googleapis.com/v1/operations/Y2xpbWJpbmctbG9nLThlNmEyL3VzLWNlbnRyYWwxL2FwcC9vaDJub3RRd3F4bw  
 
[debug] [2019-03-17T19:36:26.951Z] <<< HTTP RESPONSE 200
[debug] [2019-03-17T19:36:28.957Z] >>> HTTP REQUEST GET https://cloudfunctions.googleapis.com/v1/operations/Y2xpbWJpbmctbG9nLThlNmEyL3VzLWNlbnRyYWwxL2FwcC9vaDJub3RRd3F4bw  
 
[debug] [2019-03-17T19:36:29.427Z] <<< HTTP RESPONSE 200
[debug] [2019-03-17T19:36:31.431Z] >>> HTTP REQUEST GET https://cloudfunctions.googleapis.com/v1/operations/Y2xpbWJpbmctbG9nLThlNmEyL3VzLWNlbnRyYWwxL2FwcC9vaDJub3RRd3F4bw  
 
[debug] [2019-03-17T19:36:31.638Z] <<< HTTP RESPONSE 200
[debug] [2019-03-17T19:36:33.644Z] >>> HTTP REQUEST GET https://cloudfunctions.googleapis.com/v1/operations/Y2xpbWJpbmctbG9nLThlNmEyL3VzLWNlbnRyYWwxL2FwcC9vaDJub3RRd3F4bw  
 
[debug] [2019-03-17T19:36:33.813Z] <<< HTTP RESPONSE 200
[debug] [2019-03-17T19:36:35.815Z] >>> HTTP REQUEST GET https://cloudfunctions.googleapis.com/v1/operations/Y2xpbWJpbmctbG9nLThlNmEyL3VzLWNlbnRyYWwxL2FwcC9vaDJub3RRd3F4bw  
 
[debug] [2019-03-17T19:36:36.112Z] <<< HTTP RESPONSE 200
[debug] [2019-03-17T19:36:38.118Z] >>> HTTP REQUEST GET https://cloudfunctions.googleapis.com/v1/operations/Y2xpbWJpbmctbG9nLThlNmEyL3VzLWNlbnRyYWwxL2FwcC9vaDJub3RRd3F4bw  
 
[debug] [2019-03-17T19:36:38.304Z] <<< HTTP RESPONSE 200
[debug] [2019-03-17T19:36:40.310Z] >>> HTTP REQUEST GET https://cloudfunctions.googleapis.com/v1/operations/Y2xpbWJpbmctbG9nLThlNmEyL3VzLWNlbnRyYWwxL2FwcC9vaDJub3RRd3F4bw  
 
[debug] [2019-03-17T19:36:40.512Z] <<< HTTP RESPONSE 200
[debug] [2019-03-17T19:36:42.518Z] >>> HTTP REQUEST GET https://cloudfunctions.googleapis.com/v1/operations/Y2xpbWJpbmctbG9nLThlNmEyL3VzLWNlbnRyYWwxL2FwcC9vaDJub3RRd3F4bw  
 
[debug] [2019-03-17T19:36:42.704Z] <<< HTTP RESPONSE 200
[debug] [2019-03-17T19:36:44.710Z] >>> HTTP REQUEST GET https://cloudfunctions.googleapis.com/v1/operations/Y2xpbWJpbmctbG9nLThlNmEyL3VzLWNlbnRyYWwxL2FwcC9vaDJub3RRd3F4bw  
 
[debug] [2019-03-17T19:36:45.010Z] <<< HTTP RESPONSE 200
[debug] [2019-03-17T19:36:47.011Z] >>> HTTP REQUEST GET https://cloudfunctions.googleapis.com/v1/operations/Y2xpbWJpbmctbG9nLThlNmEyL3VzLWNlbnRyYWwxL2FwcC9vaDJub3RRd3F4bw  
 
[debug] [2019-03-17T19:36:47.168Z] <<< HTTP RESPONSE 200
[debug] [2019-03-17T19:36:49.170Z] >>> HTTP REQUEST GET https://cloudfunctions.googleapis.com/v1/operations/Y2xpbWJpbmctbG9nLThlNmEyL3VzLWNlbnRyYWwxL2FwcC9vaDJub3RRd3F4bw  
 
[debug] [2019-03-17T19:36:49.372Z] <<< HTTP RESPONSE 200
[debug] [2019-03-17T19:36:51.376Z] >>> HTTP REQUEST GET https://cloudfunctions.googleapis.com/v1/operations/Y2xpbWJpbmctbG9nLThlNmEyL3VzLWNlbnRyYWwxL2FwcC9vaDJub3RRd3F4bw  
 
[debug] [2019-03-17T19:36:51.835Z] <<< HTTP RESPONSE 200
[debug] [2019-03-17T19:36:53.842Z] >>> HTTP REQUEST GET https://cloudfunctions.googleapis.com/v1/operations/Y2xpbWJpbmctbG9nLThlNmEyL3VzLWNlbnRyYWwxL2FwcC9vaDJub3RRd3F4bw  
 
[debug] [2019-03-17T19:36:54.032Z] <<< HTTP RESPONSE 200
[debug] [2019-03-17T19:36:56.038Z] >>> HTTP REQUEST GET https://cloudfunctions.googleapis.com/v1/operations/Y2xpbWJpbmctbG9nLThlNmEyL3VzLWNlbnRyYWwxL2FwcC9vaDJub3RRd3F4bw  
 
[debug] [2019-03-17T19:36:56.199Z] <<< HTTP RESPONSE 200
[debug] [2019-03-17T19:36:58.200Z] >>> HTTP REQUEST GET https://cloudfunctions.googleapis.com/v1/operations/Y2xpbWJpbmctbG9nLThlNmEyL3VzLWNlbnRyYWwxL2FwcC9vaDJub3RRd3F4bw  
 
[debug] [2019-03-17T19:36:58.384Z] <<< HTTP RESPONSE 200
[debug] [2019-03-17T19:37:00.387Z] >>> HTTP REQUEST GET https://cloudfunctions.googleapis.com/v1/operations/Y2xpbWJpbmctbG9nLThlNmEyL3VzLWNlbnRyYWwxL2FwcC9vaDJub3RRd3F4bw  
 
[debug] [2019-03-17T19:37:00.564Z] <<< HTTP RESPONSE 200
[debug] [2019-03-17T19:37:02.565Z] >>> HTTP REQUEST GET https://cloudfunctions.googleapis.com/v1/operations/Y2xpbWJpbmctbG9nLThlNmEyL3VzLWNlbnRyYWwxL2FwcC9vaDJub3RRd3F4bw  
 
[debug] [2019-03-17T19:37:02.717Z] <<< HTTP RESPONSE 200
[debug] [2019-03-17T19:37:04.723Z] >>> HTTP REQUEST GET https://cloudfunctions.googleapis.com/v1/operations/Y2xpbWJpbmctbG9nLThlNmEyL3VzLWNlbnRyYWwxL2FwcC9vaDJub3RRd3F4bw  
 
[debug] [2019-03-17T19:37:04.886Z] <<< HTTP RESPONSE 200
[debug] [2019-03-17T19:37:06.887Z] >>> HTTP REQUEST GET https://cloudfunctions.googleapis.com/v1/operations/Y2xpbWJpbmctbG9nLThlNmEyL3VzLWNlbnRyYWwxL2FwcC9vaDJub3RRd3F4bw  
 
[debug] [2019-03-17T19:37:07.064Z] <<< HTTP RESPONSE 200
[debug] [2019-03-17T19:37:09.065Z] >>> HTTP REQUEST GET https://cloudfunctions.googleapis.com/v1/operations/Y2xpbWJpbmctbG9nLThlNmEyL3VzLWNlbnRyYWwxL2FwcC9vaDJub3RRd3F4bw  
 
[debug] [2019-03-17T19:37:09.270Z] <<< HTTP RESPONSE 200
[debug] [2019-03-17T19:37:11.270Z] >>> HTTP REQUEST GET https://cloudfunctions.googleapis.com/v1/operations/Y2xpbWJpbmctbG9nLThlNmEyL3VzLWNlbnRyYWwxL2FwcC9vaDJub3RRd3F4bw  
 
[debug] [2019-03-17T19:37:11.451Z] <<< HTTP RESPONSE 200
[debug] [2019-03-17T19:37:13.457Z] >>> HTTP REQUEST GET https://cloudfunctions.googleapis.com/v1/operations/Y2xpbWJpbmctbG9nLThlNmEyL3VzLWNlbnRyYWwxL2FwcC9vaDJub3RRd3F4bw  
 
[debug] [2019-03-17T19:37:13.691Z] <<< HTTP RESPONSE 200
[debug] [2019-03-17T19:37:15.696Z] >>> HTTP REQUEST GET https://cloudfunctions.googleapis.com/v1/operations/Y2xpbWJpbmctbG9nLThlNmEyL3VzLWNlbnRyYWwxL2FwcC9vaDJub3RRd3F4bw  
 
[debug] [2019-03-17T19:37:15.905Z] <<< HTTP RESPONSE 200
[debug] [2019-03-17T19:37:17.911Z] >>> HTTP REQUEST GET https://cloudfunctions.googleapis.com/v1/operations/Y2xpbWJpbmctbG9nLThlNmEyL3VzLWNlbnRyYWwxL2FwcC9vaDJub3RRd3F4bw  
 
[debug] [2019-03-17T19:37:18.065Z] <<< HTTP RESPONSE 200
[debug] [2019-03-17T19:37:20.066Z] >>> HTTP REQUEST GET https://cloudfunctions.googleapis.com/v1/operations/Y2xpbWJpbmctbG9nLThlNmEyL3VzLWNlbnRyYWwxL2FwcC9vaDJub3RRd3F4bw  
 
[debug] [2019-03-17T19:37:20.248Z] <<< HTTP RESPONSE 200
[debug] [2019-03-17T19:37:22.254Z] >>> HTTP REQUEST GET https://cloudfunctions.googleapis.com/v1/operations/Y2xpbWJpbmctbG9nLThlNmEyL3VzLWNlbnRyYWwxL2FwcC9vaDJub3RRd3F4bw  
 
[debug] [2019-03-17T19:37:22.406Z] <<< HTTP RESPONSE 200
[debug] [2019-03-17T19:37:24.411Z] >>> HTTP REQUEST GET https://cloudfunctions.googleapis.com/v1/operations/Y2xpbWJpbmctbG9nLThlNmEyL3VzLWNlbnRyYWwxL2FwcC9vaDJub3RRd3F4bw  
 
[debug] [2019-03-17T19:37:24.580Z] <<< HTTP RESPONSE 200
[debug] [2019-03-17T19:37:26.582Z] >>> HTTP REQUEST GET https://cloudfunctions.googleapis.com/v1/operations/Y2xpbWJpbmctbG9nLThlNmEyL3VzLWNlbnRyYWwxL2FwcC9vaDJub3RRd3F4bw  
 
[debug] [2019-03-17T19:37:26.789Z] <<< HTTP RESPONSE 200
[debug] [2019-03-17T19:37:28.794Z] >>> HTTP REQUEST GET https://cloudfunctions.googleapis.com/v1/operations/Y2xpbWJpbmctbG9nLThlNmEyL3VzLWNlbnRyYWwxL2FwcC9vaDJub3RRd3F4bw  
 
[debug] [2019-03-17T19:37:28.962Z] <<< HTTP RESPONSE 200
[debug] [2019-03-17T19:37:30.964Z] >>> HTTP REQUEST GET https://cloudfunctions.googleapis.com/v1/operations/Y2xpbWJpbmctbG9nLThlNmEyL3VzLWNlbnRyYWwxL2FwcC9vaDJub3RRd3F4bw  
 
[debug] [2019-03-17T19:37:31.144Z] <<< HTTP RESPONSE 200
[debug] [2019-03-17T19:37:33.146Z] >>> HTTP REQUEST GET https://cloudfunctions.googleapis.com/v1/operations/Y2xpbWJpbmctbG9nLThlNmEyL3VzLWNlbnRyYWwxL2FwcC9vaDJub3RRd3F4bw  
 
[debug] [2019-03-17T19:37:33.300Z] <<< HTTP RESPONSE 200
[debug] [2019-03-17T19:37:35.306Z] >>> HTTP REQUEST GET https://cloudfunctions.googleapis.com/v1/operations/Y2xpbWJpbmctbG9nLThlNmEyL3VzLWNlbnRyYWwxL2FwcC9vaDJub3RRd3F4bw  
 
[debug] [2019-03-17T19:37:35.509Z] <<< HTTP RESPONSE 200
[debug] [2019-03-17T19:37:37.510Z] >>> HTTP REQUEST GET https://cloudfunctions.googleapis.com/v1/operations/Y2xpbWJpbmctbG9nLThlNmEyL3VzLWNlbnRyYWwxL2FwcC9vaDJub3RRd3F4bw  
 
[debug] [2019-03-17T19:37:37.671Z] <<< HTTP RESPONSE 200
[debug] [2019-03-17T19:37:39.672Z] >>> HTTP REQUEST GET https://cloudfunctions.googleapis.com/v1/operations/Y2xpbWJpbmctbG9nLThlNmEyL3VzLWNlbnRyYWwxL2FwcC9vaDJub3RRd3F4bw  
 
[debug] [2019-03-17T19:37:39.822Z] <<< HTTP RESPONSE 200
[debug] [2019-03-17T19:37:41.823Z] >>> HTTP REQUEST GET https://cloudfunctions.googleapis.com/v1/operations/Y2xpbWJpbmctbG9nLThlNmEyL3VzLWNlbnRyYWwxL2FwcC9vaDJub3RRd3F4bw  
 
